<?xml version="1.1" encoding="UTF-8" standalone="no"?>
<databaseChangeLog xmlns="http://www.liquibase.org/xml/ns/dbchangelog" xmlns:ext="http://www.liquibase.org/xml/ns/dbchangelog-ext" xmlns:pro="http://www.liquibase.org/xml/ns/pro" xmlns:xsi="http://www.w3.org/2001/XMLSchema-instance" xsi:schemaLocation="http://www.liquibase.org/xml/ns/dbchangelog-ext http://www.liquibase.org/xml/ns/dbchangelog/dbchangelog-ext.xsd http://www.liquibase.org/xml/ns/pro http://www.liquibase.org/xml/ns/pro/liquibase-pro-latest.xsd http://www.liquibase.org/xml/ns/dbchangelog http://www.liquibase.org/xml/ns/dbchangelog/dbchangelog-latest.xsd">
    <changeSet author="A200133714 (generated)" id="1666356510999-1">
        <createTable tableName="product">
            <column autoIncrement="true" name="product_id" type="BIGINT">
                <constraints nullable="false" primaryKey="true"/>
            </column>
            <column name="product_created_at" type="datetime">
                <constraints nullable="false"/>
            </column>
            <column name="product_description" type="TEXT"/>
            <column name="product_last_modified" type="datetime">
                <constraints nullable="false"/>
            </column>
            <column name="product_name" type="VARCHAR(80)"/>
            <column name="product_price" type="INT">
                <constraints nullable="false"/>
            </column>
            <column name="product_total_quantity" type="INT">
                <constraints nullable="false"/>
            </column>
        </createTable>
    </changeSet>
    <changeSet author="A200133714 (generated)" id="1666356510999-2">
        <createTable tableName="product_order">
            <column autoIncrement="true" name="product_order_id" type="BIGINT">
                <constraints nullable="false" primaryKey="true"/>
            </column>
            <column name="product_order_created_at" type="datetime">
                <constraints nullable="false"/>
            </column>
            <column name="product_order_quantity" type="INT">
                <constraints nullable="false"/>
            </column>
            <column name="product_order_total_price" type="INT">
                <constraints nullable="false"/>
            </column>
            <column name="product_id" type="BIGINT">
                <constraints nullable="false"/>
            </column>
            <column name="purchase_item_purchase_item_id" type="BIGINT">
                <constraints nullable="false"/>
            </column>
        </createTable>
    </changeSet>
    <changeSet author="A200133714 (generated)" id="1666356510999-3">
        <createTable tableName="product_tag">
            <column name="product_id" type="BIGINT">
                <constraints nullable="false" primaryKey="true"/>
            </column>
            <column name="tags" type="VARCHAR(255)"/>
            <column name="tags_order" type="INT">
                <constraints nullable="false" primaryKey="true"/>
            </column>
        </createTable>
    </changeSet>
    <changeSet author="A200133714 (generated)" id="1666356510999-4">
        <createTable tableName="purchase_item">
            <column autoIncrement="true" name="purchase_item_id" type="BIGINT">
                <constraints nullable="false" primaryKey="true"/>
            </column>
            <column name="purchase_item_created_at" type="datetime">
                <constraints nullable="false"/>
            </column>
            <column name="purchase_item_total_price" type="INT">
                <constraints nullable="false"/>
            </column>
            <column name="purchase_item_total_quantity" type="INT">
                <constraints nullable="false"/>
            </column>
            <column name="user_id" type="BIGINT">
                <constraints nullable="false"/>
            </column>
        </createTable>
    </changeSet>
    <changeSet author="A200133714 (generated)" id="1666356510999-5">
        <createTable tableName="user_account">
            <column autoIncrement="true" name="user_id" type="BIGINT">
                <constraints nullable="false" primaryKey="true"/>
            </column>
            <column name="user_balance" type="INT"/>
            <column name="user_created_at" type="datetime">
                <constraints nullable="false"/>
            </column>
            <column name="user_email" type="VARCHAR(80)"/>
            <column name="user_enabled" type="BIT(1)"/>
            <column name="user_first_name" type="VARCHAR(30)"/>
            <column name="user_last_modified" type="datetime">
                <constraints nullable="false"/>
            </column>
            <column name="user_last_name" type="VARCHAR(30)"/>
            <column name="user_password" type="VARCHAR(255)"/>
        </createTable>
    </changeSet>
    <changeSet author="A200133714 (generated)" id="1666356510999-6">
        <createTable tableName="user_adress">
            <column autoIncrement="true" name="address_id" type="BIGINT">
                <constraints nullable="false" primaryKey="true"/>
            </column>
            <column name="address_additional_info" type="TEXT"/>
            <column name="address_city" type="VARCHAR(255)"/>
            <column name="address_country" type="VARCHAR(255)"/>
            <column name="address_created_at" type="datetime">
                <constraints nullable="false"/>
            </column>
            <column name="address_house_number" type="INT">
                <constraints nullable="false"/>
            </column>
            <column name="address_last_modified" type="datetime">
                <constraints nullable="false"/>
            </column>
            <column name="address_street" type="VARCHAR(255)"/>
            <column name="address_zipcode" type="VARCHAR(255)"/>
            <column name="user_id" type="BIGINT"/>
        </createTable>
    </changeSet>
    <changeSet author="A200133714 (generated)" id="1666356510999-7">
        <createTable tableName="user_role">
            <column name="user_account_user_id" type="BIGINT">
                <constraints nullable="false"/>
            </column>
            <column name="user_role" type="VARCHAR(255)"/>
        </createTable>
    </changeSet>
    <changeSet author="A200133714 (generated)" id="1666356510999-8">
        <createIndex indexName="FK4baqoslfogisupd1xw5h0cm7e" tableName="user_adress">
            <column name="user_id"/>
        </createIndex>
    </changeSet>
    <changeSet author="A200133714 (generated)" id="1666356510999-9">
        <createIndex indexName="FKf30yh52oprowkgr8yahpx926b" tableName="user_role">
            <column name="user_account_user_id"/>
        </createIndex>
    </changeSet>
    <changeSet author="A200133714 (generated)" id="1666356510999-10">
        <createIndex indexName="FKh73acsd9s5wp6l0e55td6jr1m" tableName="product_order">
            <column name="product_id"/>
        </createIndex>
    </changeSet>
    <changeSet author="A200133714 (generated)" id="1666356510999-11">
        <createIndex indexName="FKoapc6taccx8b7k5qkt5ufrtnb" tableName="purchase_item">
            <column name="user_id"/>
        </createIndex>
    </changeSet>
    <changeSet author="A200133714 (generated)" id="1666356510999-12">
        <createIndex indexName="FKqmv61n2qj61mo4i7mxbhxl2rj" tableName="product_order">
            <column name="purchase_item_purchase_item_id"/>
        </createIndex>
    </changeSet>
    <changeSet author="A200133714 (generated)" id="1666356510999-13">
        <addForeignKeyConstraint baseColumnNames="product_id" baseTableName="product_tag" constraintName="FK2rf7w3d88x20p7vuc2m9mvv91" deferrable="false" initiallyDeferred="false" onDelete="RESTRICT" onUpdate="RESTRICT" referencedColumnNames="product_id" referencedTableName="product" validate="true"/>
    </changeSet>
    <changeSet author="A200133714 (generated)" id="1666356510999-14">
        <addForeignKeyConstraint baseColumnNames="user_id" baseTableName="user_adress" constraintName="FK4baqoslfogisupd1xw5h0cm7e" deferrable="false" initiallyDeferred="false" onDelete="RESTRICT" onUpdate="RESTRICT" referencedColumnNames="user_id" referencedTableName="user_account" validate="true"/>
    </changeSet>
    <changeSet author="A200133714 (generated)" id="1666356510999-15">
        <addForeignKeyConstraint baseColumnNames="user_account_user_id" baseTableName="user_role" constraintName="FKf30yh52oprowkgr8yahpx926b" deferrable="false" initiallyDeferred="false" onDelete="RESTRICT" onUpdate="RESTRICT" referencedColumnNames="user_id" referencedTableName="user_account" validate="true"/>
    </changeSet>
    <changeSet author="A200133714 (generated)" id="1666356510999-16">
        <addForeignKeyConstraint baseColumnNames="product_id" baseTableName="product_order" constraintName="FKh73acsd9s5wp6l0e55td6jr1m" deferrable="false" initiallyDeferred="false" onDelete="RESTRICT" onUpdate="RESTRICT" referencedColumnNames="product_id" referencedTableName="product" validate="true"/>
    </changeSet>
    <changeSet author="A200133714 (generated)" id="1666356510999-17">
        <addForeignKeyConstraint baseColumnNames="user_id" baseTableName="purchase_item" constraintName="FKoapc6taccx8b7k5qkt5ufrtnb" deferrable="false" initiallyDeferred="false" onDelete="RESTRICT" onUpdate="RESTRICT" referencedColumnNames="user_id" referencedTableName="user_account" validate="true"/>
    </changeSet>
    <changeSet author="A200133714 (generated)" id="1666356510999-18">
        <addForeignKeyConstraint baseColumnNames="purchase_item_purchase_item_id" baseTableName="product_order" constraintName="FKqmv61n2qj61mo4i7mxbhxl2rj" deferrable="false" initiallyDeferred="false" onDelete="RESTRICT" onUpdate="RESTRICT" referencedColumnNames="purchase_item_id" referencedTableName="purchase_item" validate="true"/>
    </changeSet>
</databaseChangeLog>
